/*C3*/SET SCHEMA PUBLIC
CREATE TABLE IF NOT EXISTS empregado\u000a(\u000a    matricula VARCHAR(10)  NOT NULL,\u000a    nome VARCHAR(256),\u000a    admissao DATE,\u000a    desligamento DATE,\u000a    salario FLOAT,\u000a    PRIMARY KEY (matricula)\u000a)
CREATE TABLE IF NOT EXISTS solicitacao\u000a(\u000a    id integer NOT NULL,\u000a    data timestamp without time zone,\u000a    descricao VARCHAR(256),\u000a    situacao integer,   \u000a    matricula VARCHAR(10)  NOT NULL,\u000a    PRIMARY KEY (id)    \u000a)
CREATE TABLE IF NOT EXISTS usuario\u000a(\u000a    nome VARCHAR(256),    \u000a    perfil integer,\u000a    senha VARCHAR(256),  \u000a    matricula VARCHAR(10),\u000a    PRIMARY KEY (nome)    \u000a)
INSERT INTO USUARIO VALUES('Marcos Alarcon',0,'e10adc3949ba59abbe56e057f20f883e','1234567890')
COMMIT
DELETE FROM USUARIO WHERE NOME='Marcos Alarcon'
INSERT INTO USUARIO VALUES('Marcos Alarcon 2',0,'e10adc3949ba59abbe56e057f20f883e','1234567890')
COMMIT
DELETE FROM USUARIO WHERE NOME='Marcos Alarcon 2'
COMMIT
INSERT INTO EMPREGADO VALUES('1234567890','Marcos Alarcon','2003-04-30',NULL,9500.0E0)
COMMIT
DELETE FROM EMPREGADO WHERE MATRICULA='1234567890'
COMMIT
INSERT INTO EMPREGADO VALUES('1234567890','Marcos Alarcon','2003-04-30',NULL,9500.0E0)
COMMIT
DELETE FROM EMPREGADO WHERE MATRICULA='1234567890'
COMMIT
INSERT INTO EMPREGADO VALUES('1234567890','Marcos Alarcon','2003-04-29',NULL,9500.0E0)
COMMIT
INSERT INTO USUARIO VALUES('Marcos Alarcon',0,'e10adc3949ba59abbe56e057f20f883e','1234567890')
COMMIT
DELETE FROM USUARIO WHERE NOME='Marcos Alarcon'
COMMIT
INSERT INTO USUARIO VALUES('marcos@omegasistemas.com.br',0,'e10adc3949ba59abbe56e057f20f883e','1234567890')
COMMIT
